This file contains any messages produced by compilers while
running configure, to aid debugging if configure makes a mistake.

It was created by GD configure 2.0.15, which was
generated by GNU Autoconf 2.57.  Invocation command line was

  $ ./configure 

## --------- ##
## Platform. ##
## --------- ##

hostname = HOMER
uname -m = i686
uname -r = 1.3.22(0.78/3/2)
uname -s = CYGWIN_NT-5.1
uname -v = 2003-03-18 09:20

/usr/bin/uname -p = unknown
/bin/uname -X     = unknown

/bin/arch              = unknown
/usr/bin/arch -k       = unknown
/usr/convex/getsysinfo = unknown
hostinfo               = unknown
/bin/machine           = unknown
/usr/bin/oslevel       = unknown
/bin/universe          = unknown

PATH: /home/alex/plt
PATH: /home/alex/home/plt
PATH: .
PATH: /usr/bin
PATH: /usr/X11R6/bin
PATH: /cygdrive/c/Program Files/Microsoft Visual Studio .NET/Common7/IDE
PATH: /cygdrive/c/Program Files/Microsoft Visual Studio .NET/VC7/BIN
PATH: /cygdrive/c/Program Files/Microsoft Visual Studio .NET/Common7/Tools
PATH: /cygdrive/c/Program Files/Microsoft Visual Studio .NET/Common7/Tools/bin/prerelease
PATH: /cygdrive/c/Program Files/Microsoft Visual Studio .NET/Common7/Tools/bin
PATH: /cygdrive/c/Program Files/Microsoft Visual Studio .NET/FrameworkSDK/bin
PATH: /cygdrive/c/WINDOWS/Microsoft.NET/Framework/v1.0.3705
PATH: /cygdrive/c/WINDOWS/system32
PATH: /cygdrive/c/WINDOWS
PATH: /cygdrive/c/WINDOWS/System32/Wbem
PATH: .


## ----------- ##
## Core tests. ##
## ----------- ##

configure:1515: checking for a BSD-compatible install
configure:1569: result: /home/alex/plt/install -c
configure:1580: checking whether build environment is sane
configure:1623: result: yes
configure:1656: checking for gawk
configure:1672: found /usr/bin/gawk
configure:1682: result: gawk
configure:1692: checking whether make sets $(MAKE)
configure:1712: result: yes
configure:1916: checking for gcc
configure:1945: result: no
configure:1996: checking for cc
configure:2025: result: no
configure:2038: checking for cc
configure:2084: result: no
configure:2137: checking for cl
configure:2153: found /cygdrive/c/Program Files/Microsoft Visual Studio .NET/VC7/BIN/cl
configure:2163: result: cl
configure:2186: checking for C compiler version
configure:2189: cl --version </dev/null >&5
Microsoft (R) 32-bit C/C++ Optimizing Compiler Version 13.00.9466 for 80x86
Copyright (C) Microsoft Corporation 1984-2001. All rights reserved.

cl : Command line warning D4002 : ignoring unknown option '--version'
cl : Command line error D2003 : missing source filename
configure:2192: $? = 2
configure:2194: cl -v </dev/null >&5
Microsoft (R) 32-bit C/C++ Optimizing Compiler Version 13.00.9466 for 80x86
Copyright (C) Microsoft Corporation 1984-2001. All rights reserved.

cl : Command line warning D4002 : ignoring unknown option '-v'
cl : Command line error D2003 : missing source filename
configure:2197: $? = 2
configure:2199: cl -V </dev/null >&5
Microsoft (R) 32-bit C/C++ Optimizing Compiler Version 13.00.9466 for 80x86
Copyright (C) Microsoft Corporation 1984-2001. All rights reserved.

cl : Command line error D2004 : '/V' requires an argument
configure:2202: $? = 2
configure:2226: checking for C compiler default output
configure:2229: cl    conftest.c  >&5
Microsoft (R) 32-bit C/C++ Optimizing Compiler Version 13.00.9466 for 80x86
Copyright (C) Microsoft Corporation 1984-2001. All rights reserved.

conftest.c
Microsoft (R) Incremental Linker Version 7.00.9466
Copyright (C) Microsoft Corporation.  All rights reserved.

/out:conftest.exe 
conftest.obj 
configure:2232: $? = 0
configure:2278: result: conftest.exe
configure:2283: checking whether the C compiler works
configure:2289: ./conftest.exe
configure:2292: $? = 0
configure:2309: result: yes
configure:2316: checking whether we are cross compiling
configure:2318: result: no
configure:2321: checking for suffix of executables
configure:2323: cl -o conftest.exe    conftest.c  >&5
Microsoft (R) 32-bit C/C++ Optimizing Compiler Version 13.00.9466 for 80x86
Copyright (C) Microsoft Corporation 1984-2001. All rights reserved.

conftest.c
Microsoft (R) Incremental Linker Version 7.00.9466
Copyright (C) Microsoft Corporation.  All rights reserved.

/out:conftest.exe 
/out:conftest.exe 
conftest.obj 
configure:2326: $? = 0
configure:2351: result: .exe
configure:2357: checking for suffix of object files
configure:2379: cl -c   conftest.c >&5
Microsoft (R) 32-bit C/C++ Optimizing Compiler Version 13.00.9466 for 80x86
Copyright (C) Microsoft Corporation 1984-2001. All rights reserved.

conftest.c
configure:2382: $? = 0
configure:2404: result: obj
configure:2408: checking whether we are using the GNU C compiler
configure:2433: cl -c   conftest.c >&5
Microsoft (R) 32-bit C/C++ Optimizing Compiler Version 13.00.9466 for 80x86
Copyright (C) Microsoft Corporation 1984-2001. All rights reserved.

conftest.c
configure(2428) : error C2065: 'choke' : undeclared identifier
configure(2428) : error C2146: syntax error : missing ';' before identifier 'me'
configure(2428) : error C2144: syntax error : '<Unknown>' should be preceded by '<Unknown>'
configure(2428) : error C2144: syntax error : '<Unknown>' should be preceded by '<Unknown>'
configure(2428) : error C2143: syntax error : missing ';' before 'identifier'
configure(2431) : error C2065: 'me' : undeclared identifier
configure:2436: $? = 2
configure: failed program was:
| #line 2413 "configure"
| /* confdefs.h.  */
| 
| #define PACKAGE_NAME "GD"
| #define PACKAGE_TARNAME "gd"
| #define PACKAGE_VERSION "2.0.15"
| #define PACKAGE_STRING "GD 2.0.15"
| #define PACKAGE_BUGREPORT "gd@boutell.com"
| #define PACKAGE "gd"
| #define VERSION "2.0.15"
| /* end confdefs.h.  */
| 
| int
| main ()
| {
| #ifndef __GNUC__
|        choke me
| #endif
| 
|   ;
|   return 0;
| }
configure:2455: result: no
configure:2461: checking whether cl accepts -g
configure:2483: cl -c -g  conftest.c >&5
Microsoft (R) 32-bit C/C++ Optimizing Compiler Version 13.00.9466 for 80x86
Copyright (C) Microsoft Corporation 1984-2001. All rights reserved.

cl : Command line warning D4002 : ignoring unknown option '-g'
conftest.c
configure:2486: $? = 0
configure:2489: test -s conftest.obj
configure:2492: $? = 0
configure:2503: result: yes
configure:2520: checking for cl option to accept ANSI C
configure:2581: cl  -c -g  conftest.c >&5
Microsoft (R) 32-bit C/C++ Optimizing Compiler Version 13.00.9466 for 80x86
Copyright (C) Microsoft Corporation 1984-2001. All rights reserved.

cl : Command line warning D4002 : ignoring unknown option '-g'
conftest.c
configure(2568) : warning C4113: 'char *(__cdecl *)()' differs in parameter lists from 'char *(__cdecl *)(char ** ,int)'
configure(2568) : warning C4113: 'char *(__cdecl *)()' differs in parameter lists from 'char *(__cdecl *)(char ** ,int)'
configure:2584: $? = 0
configure:2587: test -s conftest.obj
configure:2590: $? = 0
configure:2608: result: none needed
configure:2626: cl -c -g  conftest.c >&5
Microsoft (R) 32-bit C/C++ Optimizing Compiler Version 13.00.9466 for 80x86
Copyright (C) Microsoft Corporation 1984-2001. All rights reserved.

cl : Command line warning D4002 : ignoring unknown option '-g'
conftest.c
conftest.c(2) : error C2061: syntax error : identifier 'me'
conftest.c(2) : error C2059: syntax error : ';'
configure:2629: $? = 2
configure: failed program was:
| #ifndef __cplusplus
|   choke me
| #endif
configure:2757: checking for style of include used by make
configure:2785: result: GNU
configure:2813: checking dependency style of cl
configure:2875: result: none
configure:2896: checking for cl option to accept ANSI C
configure:2960: cl  -c -g  conftest.c >&5
Microsoft (R) 32-bit C/C++ Optimizing Compiler Version 13.00.9466 for 80x86
Copyright (C) Microsoft Corporation 1984-2001. All rights reserved.

cl : Command line warning D4002 : ignoring unknown option '-g'
conftest.c
configure(2956) : warning C4113: 'char *(__cdecl *)()' differs in parameter lists from 'char *(__cdecl *)(char ** ,int)'
configure(2956) : warning C4113: 'char *(__cdecl *)()' differs in parameter lists from 'char *(__cdecl *)(char ** ,int)'
configure:2963: $? = 0
configure:2966: test -s conftest.obj
configure:2969: $? = 0
configure:2984: result: none needed
configure:3007: checking for a BSD-compatible install
configure:3061: result: /home/alex/plt/install -c
configure:3144: checking build system type
configure:3162: result: i686-pc-cygwin
configure:3170: checking host system type
configure:3184: result: i686-pc-cygwin
configure:3247: checking for non-GNU ld
configure:3280: result: no
configure:3283: error: no acceptable ld found in $PATH

## ---------------- ##
## Cache variables. ##
## ---------------- ##

ac_cv_build=i686-pc-cygwin
ac_cv_build_alias=i686-pc-cygwin
ac_cv_c_compiler_gnu=no
ac_cv_env_CC_set=
ac_cv_env_CC_value=
ac_cv_env_CFLAGS_set=
ac_cv_env_CFLAGS_value=
ac_cv_env_CPPFLAGS_set=
ac_cv_env_CPPFLAGS_value=
ac_cv_env_CPP_set=
ac_cv_env_CPP_value=
ac_cv_env_LDFLAGS_set=
ac_cv_env_LDFLAGS_value=
ac_cv_env_build_alias_set=
ac_cv_env_build_alias_value=
ac_cv_env_host_alias_set=
ac_cv_env_host_alias_value=
ac_cv_env_target_alias_set=
ac_cv_env_target_alias_value=
ac_cv_exeext=.exe
ac_cv_host=i686-pc-cygwin
ac_cv_host_alias=i686-pc-cygwin
ac_cv_objext=obj
ac_cv_path_install='/home/alex/plt/install -c'
ac_cv_prog_AWK=gawk
ac_cv_prog_ac_ct_CC=cl
ac_cv_prog_cc_g=yes
ac_cv_prog_cc_stdc=
ac_cv_prog_make_make_set=yes
am_cv_CC_dependencies_compiler_type=none
am_cv_prog_cc_stdc=

## ----------------- ##
## Output variables. ##
## ----------------- ##

ACLOCAL='${SHELL} /home/alex/gd/config/missing --run aclocal-1.7'
AMDEPBACKSLASH='\'
AMDEP_FALSE='#'
AMDEP_TRUE=''
AMTAR='${SHELL} /home/alex/gd/config/missing --run tar'
AUTOCONF='${SHELL} /home/alex/gd/config/missing --run autoconf'
AUTOHEADER='${SHELL} /home/alex/gd/config/missing --run autoheader'
AUTOMAKE='${SHELL} /home/alex/gd/config/missing --run automake-1.7'
AWK='gawk'
CC='cl'
CCDEPMODE='depmode=none'
CFLAGS='-g'
CPP=''
CPPFLAGS=''
CYGPATH_W='cygpath -w'
DEFS=''
DEPDIR='.deps'
ECHO='echo'
ECHO_C=''
ECHO_N='-n'
ECHO_T=''
EGREP=''
EXEEXT='.exe'
FREETYPE_CONFIG=''
GDLIBNAME='gd'
GDLIB_MAJOR='2'
GDLIB_MINOR='0'
GDLIB_REVISION='15'
INSTALL_DATA='${INSTALL} -m 644'
INSTALL_PROGRAM='${INSTALL}'
INSTALL_SCRIPT='${INSTALL}'
INSTALL_STRIP_PROGRAM='${SHELL} $(install_sh) -c -s'
LDFLAGS=''
LIBICONV=''
LIBOBJS=''
LIBPNG_CONFIG=''
LIBS=''
LIBTOOL=''
LN_S=''
LTLIBICONV=''
LTLIBOBJS=''
MAKEINFO='${SHELL} /home/alex/gd/config/missing --run makeinfo'
OBJEXT='obj'
PACKAGE='gd'
PACKAGE_BUGREPORT='gd@boutell.com'
PACKAGE_NAME='GD'
PACKAGE_STRING='GD 2.0.15'
PACKAGE_TARNAME='gd'
PACKAGE_VERSION='2.0.15'
PATH_SEPARATOR=':'
RANLIB=''
SET_MAKE=''
SHELL='/bin/bash'
STRIP=''
VERSION='2.0.15'
ac_ct_CC='cl'
ac_ct_RANLIB=''
ac_ct_STRIP=''
am__fastdepCC_FALSE=''
am__fastdepCC_TRUE='#'
am__include='include'
am__quote=''
bindir='${exec_prefix}/bin'
build='i686-pc-cygwin'
build_alias=''
build_cpu='i686'
build_os='cygwin'
build_vendor='pc'
datadir='${prefix}/share'
exec_prefix='NONE'
host='i686-pc-cygwin'
host_alias=''
host_cpu='i686'
host_os='cygwin'
host_vendor='pc'
includedir='${prefix}/include'
infodir='${prefix}/info'
install_sh='/home/alex/gd/config/install-sh'
libdir='${exec_prefix}/lib'
libexecdir='${exec_prefix}/libexec'
localstatedir='${prefix}/var'
mandir='${prefix}/man'
oldincludedir='/usr/include'
prefix='NONE'
program_transform_name='s,x,x,'
sbindir='${exec_prefix}/sbin'
sharedstatedir='${prefix}/com'
sysconfdir='${prefix}/etc'
target_alias=''

## ----------- ##
## confdefs.h. ##
## ----------- ##

#define PACKAGE "gd"
#define PACKAGE_BUGREPORT "gd@boutell.com"
#define PACKAGE_NAME "GD"
#define PACKAGE_STRING "GD 2.0.15"
#define PACKAGE_TARNAME "gd"
#define PACKAGE_VERSION "2.0.15"
#define VERSION "2.0.15"

configure: exit 1
