This is TeX, Version 3.14159 (Web2C 7.3.1) (format=latex 2002.1.15)  6 OCT 2004 16:11
**homework-submission.tex
(homework-submission.tex
LaTeX2e <1999/12/01> patch level 1
Babel <v3.6Z> and hyphenation patterns for american, french, german, ngerman, n
ohyphenation, loaded.
(/arch/unix/packages/teTeX-1.0.7/share/texmf/tex/latex/base/article.cls
Document Class: article 1999/09/10 v1.4a Standard LaTeX document class
(/arch/unix/packages/teTeX-1.0.7/share/texmf/tex/latex/base/size10.clo
File: size10.clo 1999/09/10 v1.4a Standard LaTeX file (size option)
)
\c@part=\count79
\c@section=\count80
\c@subsection=\count81
\c@subsubsection=\count82
\c@paragraph=\count83
\c@subparagraph=\count84
\c@figure=\count85
\c@table=\count86
\abovecaptionskip=\skip41
\belowcaptionskip=\skip42
\bibindent=\dimen102
)
(/arch/unix/packages/teTeX-1.0.7/share/texmf/tex/latex/graphics/graphicx.sty
Package: graphicx 1999/02/16 v1.0f Enhanced LaTeX Graphics (DPC,SPQR)

(/arch/unix/packages/teTeX-1.0.7/share/texmf/tex/latex/graphics/keyval.sty
Package: keyval 1999/03/16 v1.13 key=value parser (DPC)
\KV@toks@=\toks14
)
(/arch/unix/packages/teTeX-1.0.7/share/texmf/tex/latex/graphics/graphics.sty
Package: graphics 2001/07/07 v1.0n Standard LaTeX Graphics (DPC,SPQR)

(/arch/unix/packages/teTeX-1.0.7/share/texmf/tex/latex/graphics/trig.sty
Package: trig 1999/03/16 v1.09 sin cos tan (DPC)
)
(/arch/unix/packages/teTeX-1.0.7/share/texmf/tex/latex/config/graphics.cfg)
Package graphics Info: Driver file: dvips.def on input line 80.

(/arch/unix/packages/teTeX-1.0.7/share/texmf/tex/latex/graphics/dvips.def
File: dvips.def 1999/02/16 v3.0i Driver-dependant file (DPC,SPQR)
))
\Gin@req@height=\dimen103
\Gin@req@width=\dimen104
)
(homework-submission.aux)
\openout1 = `homework-submission.aux'.

LaTeX Font Info:    Checking defaults for OML/cmm/m/it on input line 4.
LaTeX Font Info:    ... okay on input line 4.
LaTeX Font Info:    Checking defaults for T1/cmr/m/n on input line 4.
LaTeX Font Info:    ... okay on input line 4.
LaTeX Font Info:    Checking defaults for OT1/cmr/m/n on input line 4.
LaTeX Font Info:    ... okay on input line 4.
LaTeX Font Info:    Checking defaults for OMS/cmsy/m/n on input line 4.
LaTeX Font Info:    ... okay on input line 4.
LaTeX Font Info:    Checking defaults for OMX/cmex/m/n on input line 4.
LaTeX Font Info:    ... okay on input line 4.
LaTeX Font Info:    Checking defaults for U/cmr/m/n on input line 4.
LaTeX Font Info:    ... okay on input line 4.
LaTeX Font Info:    External font `cmex10' loaded for size
(Font)              <12> on input line 10.
LaTeX Font Info:    External font `cmex10' loaded for size
(Font)              <8> on input line 10.
LaTeX Font Info:    External font `cmex10' loaded for size
(Font)              <6> on input line 10.
File: servlet.eps Graphic file (type eps)
 <servlet.eps>
LaTeX Font Info:    Try loading font information for OMS+cmr on input line 24.

(/arch/unix/packages/teTeX-1.0.7/share/texmf/tex/latex/base/omscmr.fd
File: omscmr.fd 1999/05/25 v2.5h Standard LaTeX font definitions
)
LaTeX Font Info:    Font shape `OMS/cmr/m/n' in size <10> not available
(Font)              Font shape `OMS/cmsy/m/n' tried instead on input line 24.
 [1

]
File: architecture.eps Graphic file (type eps)

<architecture.eps>
File: design.eps Graphic file (type eps)
 <design.eps>
Overfull \hbox (52.34135pt too wide) in paragraph at lines 46--47
 [][] 
 []

[2] [3] [4] (homework-submission.aux) ) 
Here is how much of TeX's memory you used:
 557 strings out of 61438
 6496 string characters out of 71896
 53589 words of memory out of 1100001
 3530 multiletter control sequences out of 10000+0
 8063 words of font info for 29 fonts, out of 400000 for 1000
 14 hyphenation exceptions out of 1000
 25i,6n,19p,196b,292s stack positions out of 300i,100n,500p,300000b,4000s

Output written on homework-submission.dvi (4 pages, 5912 bytes).
