+..\base\wb_canvs.obj
+..\base\wb_dc.obj
+..\base\wb_dialg.obj
+..\base\wb_form.obj
+..\base\wb_frame.obj
+..\base\wb_gdi.obj
+..\base\wb_hash.obj
+..\base\wb_help.obj
+..\base\wb_ipc.obj
+..\base\wb_item.obj
+..\base\wb_list.obj
+..\base\wb_main.obj
+..\base\wb_mf.obj
+..\base\wb_mgstr.obj
+..\base\wb_obj.obj
+..\base\wb_panel.obj
+..\base\wb_ps.obj
+..\base\wb_stdev.obj
+..\base\wb_sysev.obj
+..\base\wb_text.obj
+..\base\wb_timer.obj
+..\base\wb_types.obj
+..\base\wb_utils.obj
+..\base\wb_win.obj
+..\base\wxstring.obj
+..\base\wb_data.obj
+..\msw\wx_canvs.obj
+..\msw\wx_clipb.obj
+..\msw\wx_dc.obj
+..\msw\wx_dialg.obj
+..\msw\wx_frame.obj
+..\msw\wx_gdi.obj
+..\msw\wx_ipc.obj
+..\msw\wx_item.obj
+..\msw\wx_main.obj
+..\msw\wx_mf.obj
+..\msw\wx_panel.obj
+..\msw\wx_text.obj
+..\msw\wx_timer.obj
+..\msw\wx_utils.obj
+..\msw\wx_win.obj
